\begin{tabularx}{\textwidth}{ X | R R R }
Feature & Min in trial & Max in trial & Whole dataset \\\hline
E1 &  1 & 131 & 12265 \\
E10 &  1 & 86 & 121 \\
E11 &  1 & 79 & 116 \\
E2 &  1 & 129 & 28502 \\
E3 &  1 & 3 & 3 \\
E4 &  1 & 97 & 249 \\
E5 &  1 & 134 & 254 \\
E6 &  1 & 116 & 247 \\
E7 &  1 & 15 & 25 \\
E8 &  1 & 10 & 10 \\
E9 &  1 & 2 & 2 \\
IsAlert &  1 & 2 & 2 \\
P1 &  967 & 1208 & 105715 \\
P2 &  1155 & 1207 & 128666 \\
P3 &  24 & 106 & 406 \\
P4 &  24 & 106 & 406 \\
P5 &  34 & 114 & 1070 \\
P6 &  3 & 99 & 406 \\
P7 &  3 & 99 & 406 \\
P8 &  1 & 1 & 1 \\
V1 &  1 & 969 & 12374 \\
V10 &  1 & 5 & 5 \\
V11 &  875 & 1206 & 166455 \\
V2 &  1 & 76 & 90 \\
V3 &  1 & 29 & 33 \\
V4 &  1 & 204 & 324 \\
V5 &  1 & 2 & 2 \\
V6 &  1 & 775 & 2727 \\
V7 &  1 & 1 & 1 \\
V8 &  1 & 239 & 323 \\
V9 &  1 & 1 & 1 \\
\end{tabularx}
