\BOOKMARK [0][]{chapter.1}{1 Introduction}{}
\BOOKMARK [1][]{section.1.1}{1.1 The competition}{chapter.1}
\BOOKMARK [2][]{subsection.1.1.1}{1.1.1 Problemformulering}{section.1.1}
\BOOKMARK [0][]{chapter.2}{2 The Ford Challenge}{}
\BOOKMARK [1][]{section.2.1}{2.1 Other online machine learning competitions}{chapter.2}
\BOOKMARK [2][]{subsection.2.1.1}{2.1.1 Netflix Prize}{section.2.1}
\BOOKMARK [2][]{subsection.2.1.2}{2.1.2 KDD Cup}{section.2.1}
\BOOKMARK [2][]{subsection.2.1.3}{2.1.3 And many others}{section.2.1}
\BOOKMARK [1][]{section.2.2}{2.2 Kaggle.com and The Ford Challenge}{chapter.2}
\BOOKMARK [2][]{subsection.2.2.1}{2.2.1 The data set}{section.2.2}
\BOOKMARK [0][]{chapter.3}{3 Data exploration}{}
\BOOKMARK [1][]{section.3.1}{3.1 A note about Test data, training data}{chapter.3}
\BOOKMARK [1][]{section.3.2}{3.2 Calculating common statistics}{chapter.3}
\BOOKMARK [1][]{section.3.3}{3.3 Determining the datatype of features}{chapter.3}
\BOOKMARK [2][]{subsection.3.3.1}{3.3.1 Unique values}{section.3.3}
\BOOKMARK [2][]{subsection.3.3.2}{3.3.2 Plotting some features}{section.3.3}
\BOOKMARK [1][]{section.3.4}{3.4 Finding possible discriminating features}{chapter.3}
\BOOKMARK [2][]{subsection.3.4.1}{3.4.1 Testing binary features}{section.3.4}
\BOOKMARK [2][]{subsection.3.4.2}{3.4.2 Scatterplots}{section.3.4}
\BOOKMARK [1][]{section.3.5}{3.5 Making a Principal Component Analysis}{chapter.3}
\BOOKMARK [2][]{subsection.3.5.1}{3.5.1 The math behind PCA}{section.3.5}
\BOOKMARK [1][]{section.3.6}{3.6 Conclusions}{chapter.3}
\BOOKMARK [0][]{chapter.4}{4 Recreating winning approach}{}
\BOOKMARK [0][]{chapter.5}{5 Improving the winning approach}{}
\BOOKMARK [0][]{chapter.6}{6 Other classification methods}{}
\BOOKMARK [0][]{chapter.7}{7 Theory of classification}{}
\BOOKMARK [1][]{section.7.1}{7.1 AUC}{chapter.7}
\BOOKMARK [0][]{chapter.8}{8 Workflow and tools}{}
\BOOKMARK [0][]{chapter.9}{9 Discussion}{}
\BOOKMARK [0][]{chapter.10}{10 Conclusion}{}
\BOOKMARK [0][]{chapter.11}{A Appendices}{}
\BOOKMARK [1][]{section.11.1}{A.1 Source code for calculating common statistics}{chapter.11}
\BOOKMARK [1][]{section.11.2}{A.2 Results of calculating common statistics}{chapter.11}
