\includegraphics[width=.5\textwidth]{../sessions/11-boxplots-scatterplots/plots/boxplots/IsAlert-t0-t50.pdf} &
 \includegraphics[width=.5\textwidth]{../sessions/11-boxplots-scatterplots/plots/boxplots/P1-t0-t50.pdf}\\
\includegraphics[width=.5\textwidth]{../sessions/11-boxplots-scatterplots/plots/boxplots/P2-t0-t50.pdf} &
 \includegraphics[width=.5\textwidth]{../sessions/11-boxplots-scatterplots/plots/boxplots/P3-t0-t50.pdf}\\
\includegraphics[width=.5\textwidth]{../sessions/11-boxplots-scatterplots/plots/boxplots/P4-t0-t50.pdf} &
 \includegraphics[width=.5\textwidth]{../sessions/11-boxplots-scatterplots/plots/boxplots/P5-t0-t50.pdf}\\
\includegraphics[width=.5\textwidth]{../sessions/11-boxplots-scatterplots/plots/boxplots/P6-t0-t50.pdf} &
 \includegraphics[width=.5\textwidth]{../sessions/11-boxplots-scatterplots/plots/boxplots/P7-t0-t50.pdf}\\
\includegraphics[width=.5\textwidth]{../sessions/11-boxplots-scatterplots/plots/boxplots/E1-t0-t50.pdf} &
 \includegraphics[width=.5\textwidth]{../sessions/11-boxplots-scatterplots/plots/boxplots/E2-t0-t50.pdf}\\
\includegraphics[width=.5\textwidth]{../sessions/11-boxplots-scatterplots/plots/boxplots/E3-t0-t50.pdf} &
 \includegraphics[width=.5\textwidth]{../sessions/11-boxplots-scatterplots/plots/boxplots/E4-t0-t50.pdf}\\
\includegraphics[width=.5\textwidth]{../sessions/11-boxplots-scatterplots/plots/boxplots/E5-t0-t50.pdf} &
 \includegraphics[width=.5\textwidth]{../sessions/11-boxplots-scatterplots/plots/boxplots/E6-t0-t50.pdf}\\
\includegraphics[width=.5\textwidth]{../sessions/11-boxplots-scatterplots/plots/boxplots/E7-t0-t50.pdf} &
 \includegraphics[width=.5\textwidth]{../sessions/11-boxplots-scatterplots/plots/boxplots/E8-t0-t50.pdf}\\
\includegraphics[width=.5\textwidth]{../sessions/11-boxplots-scatterplots/plots/boxplots/E9-t0-t50.pdf} &
 \includegraphics[width=.5\textwidth]{../sessions/11-boxplots-scatterplots/plots/boxplots/E10-t0-t50.pdf}\\
\includegraphics[width=.5\textwidth]{../sessions/11-boxplots-scatterplots/plots/boxplots/E11-t0-t50.pdf} &
 \includegraphics[width=.5\textwidth]{../sessions/11-boxplots-scatterplots/plots/boxplots/V1-t0-t50.pdf}\\
\includegraphics[width=.5\textwidth]{../sessions/11-boxplots-scatterplots/plots/boxplots/V2-t0-t50.pdf} &
 \includegraphics[width=.5\textwidth]{../sessions/11-boxplots-scatterplots/plots/boxplots/V3-t0-t50.pdf}\\
\includegraphics[width=.5\textwidth]{../sessions/11-boxplots-scatterplots/plots/boxplots/V4-t0-t50.pdf} &
 \includegraphics[width=.5\textwidth]{../sessions/11-boxplots-scatterplots/plots/boxplots/V5-t0-t50.pdf}\\
\includegraphics[width=.5\textwidth]{../sessions/11-boxplots-scatterplots/plots/boxplots/V6-t0-t50.pdf} &
 \includegraphics[width=.5\textwidth]{../sessions/11-boxplots-scatterplots/plots/boxplots/V8-t0-t50.pdf}\\
\includegraphics[width=.5\textwidth]{../sessions/11-boxplots-scatterplots/plots/boxplots/V10-t0-t50.pdf} &
 \includegraphics[width=.5\textwidth]{../sessions/11-boxplots-scatterplots/plots/boxplots/V11-t0-t50.pdf}
